[00:03:08] [Craft Scheduler Thread - 1897/INFO]: [Vault] Checking for Updates ... 
[00:03:09] [Craft Scheduler Thread - 1897/INFO]: [Vault] No new version available
[00:03:12] [Server thread/INFO]: [Info] > Have a problem? message LimePotato#7899 on Discord.
[00:18:56] [Server thread/INFO]: HourlyGryphon issued server command: /home homename
[00:18:56] [Server thread/INFO]: /home homename
[00:23:39] [Server thread/INFO]: HourlyGryphon issued server command: /team home
[00:23:39] [Server thread/INFO]: /team home
[00:26:34] [Server thread/INFO]: HourlyGryphon issued server command: /home homename
[00:26:34] [Server thread/INFO]: /home homename
[00:26:35] [Server thread/INFO]: S0UPA issued server command: /team home
[00:26:35] [Server thread/INFO]: /team home
[00:27:07] [Server thread/INFO]: HourlyGryphon issued server command: /team home
[00:27:07] [Server thread/INFO]: /team home
[00:37:02] [Server thread/INFO]: HourlyGryphon issued server command: /home homename
[00:37:02] [Server thread/INFO]: /home homename
[00:37:11] [Server thread/INFO]: S0UPA lost connection: Disconnected
[00:37:11] [Server thread/INFO]: [Reputation] Saving Reputation for S0UPA
[00:37:11] [Server thread/INFO]: -~DOOM_SLAYER Disconnected.
[00:38:11] [Craft Scheduler Thread - 2177/INFO]: [BackupOnEvent] Created backup 2020-12-15_00h37m--~DOOM_SLAYER.zip
[00:38:11] [Craft Scheduler Thread - 2177/INFO]: [BackupOnEvent] Max of 10000 MB exceeded! Deleting files...
[00:38:11] [Craft Scheduler Thread - 2177/INFO]: [BackupOnEvent] Removing backups/2020-12-14_19h28m-~~LimbusPrime.zip
[00:42:22] [Server thread/INFO]: HourlyGryphon lost connection: Disconnected
[00:42:22] [Server thread/INFO]: [Broadcaster] Broadcasting paused.
[00:42:22] [Server thread/INFO]: [Reputation] Saving Reputation for HourlyGryphon
[00:42:22] [Server thread/INFO]: -~MAGES. Disconnected.
[00:43:17] [Craft Scheduler Thread - 2187/INFO]: [BackupOnEvent] Created backup 2020-12-15_00h42m--~MAGES..zip
[00:43:17] [Craft Scheduler Thread - 2187/INFO]: [BackupOnEvent] Max of 10000 MB exceeded! Deleting files...
[00:43:17] [Craft Scheduler Thread - 2187/INFO]: [BackupOnEvent] Removing backups/2020-12-14_21h27m--ShadoWavz.zip
[04:00:51] [Server thread/INFO]: Stopping the server
[04:00:51] [Server thread/INFO]: Stopping server
[04:00:51] [Server thread/INFO]: [Essentials] Disabling Essentials v2.18.2.0
[04:00:51] [Server thread/INFO]: [RainbowBeacons] Disabling RainbowBeacons v1.2
[04:00:51] [Server thread/INFO]: [AdvancementsAddon] Disabling AdvancementsAddon v1.0.0
[04:00:51] [Server thread/INFO]: [OpenAudioMc] Disabling OpenAudioMc v6.3.7
[04:00:51] [Server thread/INFO]: [OpenAudioMc] Shutting down
[04:00:52] [Server thread/INFO]: [OpenAudioMc] Stopped OpenAudioMc. Goodbye.
[04:00:52] [Server thread/INFO]: [DiscordSRV] Disabling DiscordSRV v1.21.0
[04:00:52] [DiscordSRV - Shutdown/INFO]: [DiscordSRV] Saved linked accounts in 5ms
[04:00:52] [Log4j2-TF-1-AsyncLogger[AsyncContext@70dea4e]-1/ERROR]: [DiscordSRV] [JDA] There was an I/O error while executing a REST request: interrupted
[04:00:52] [DiscordSRV - JDA Callback 1/ERROR]: [DiscordSRV] DiscordSRV encountered an unknown Discord error: -1: java.io.InterruptedIOException
[04:00:52] [Log4j2-TF-1-AsyncLogger[AsyncContext@70dea4e]-1/ERROR]: [DiscordSRV] [JDA] There was an I/O error while executing a REST request: interrupted
[04:00:52] [DiscordSRV - JDA Callback 1/ERROR]: [DiscordSRV] DiscordSRV encountered an unknown Discord error: -1: java.io.InterruptedIOException
[04:00:52] [DiscordSRV - Shutdown/INFO]: [DiscordSRV] Shutdown completed in 79ms
[04:00:52] [Server thread/INFO]: [HolographicDisplaysAddon] Disabling HolographicDisplaysAddon v1.0.0b
[04:00:52] [Server thread/INFO]: [Reputation] Disabling Reputation v1.7.0
[04:00:52] [Server thread/INFO]: [Reputation] Saving all players to file
[04:00:52] [Server thread/INFO]: [Reputation] Thanks for using BYTE Reputation plugin - www.byte.org.uk!
[04:00:52] [Server thread/INFO]: [Skript] Disabling Skript v2.5.3
[04:00:52] [Server thread/INFO]: [CoreProtect] Disabling CoreProtect v19.2
[04:00:52] [Server thread/INFO]: [CoreProtect] Finishing up data logging. Please wait...
[04:00:53] [Server thread/INFO]: [CoreProtect] Success! Disabled CoreProtect v19.2
[04:00:53] [Server thread/INFO]: [Multiverse-NetherPortals] Disabling Multiverse-NetherPortals v4.2.1-b786
[04:00:53] [Server thread/INFO]: [Multiverse-NetherPortals] - Disabled
[04:00:53] [Server thread/INFO]: [EssentialsGeoIP] Disabling EssentialsGeoIP v2.18.2.0
[04:00:53] [Server thread/INFO]: [EssentialsProtect] Disabling EssentialsProtect v2.18.2.0
[04:00:53] [Server thread/INFO]: [BetterSleeping3] Disabling BetterSleeping3 v3.0.4
[04:00:53] [Server thread/INFO]: [WorldGuard] Disabling WorldGuard v7.0.4+f7ff984
[04:00:53] [Server thread/INFO]: [WorldGuard] Shutting down executor and cancelling any pending tasks...
[04:00:53] [Server thread/INFO]: [Multiverse-Portals] Disabling Multiverse-Portals v4.2.0-b826
[04:00:53] [Server thread/INFO]: [EssentialsChat] Disabling EssentialsChat v2.18.2.0
[04:00:53] [Server thread/INFO]: [WorldEdit] Disabling WorldEdit v7.2.0+a51fa43
[04:00:53] [Server thread/INFO]: Unregistering com.sk89q.worldedit.bukkit.BukkitServerInterface from WorldEdit
[04:00:53] [Server thread/INFO]: [Multiverse-Inventories] Disabling Multiverse-Inventories v4.2.1-b490
[04:00:53] [Server thread/INFO]: [ChestCommands] Disabling ChestCommands v4.0.3
[04:00:53] [Server thread/INFO]: [Ultimate_Economy] Disabling Ultimate_Economy v1.2.6b
[04:00:53] [Server thread/INFO]: [ColoredTags] Disabling ColoredTags v2.1.3
[04:00:53] [Server thread/INFO]: [Multiverse-Core] Disabling Multiverse-Core v4.2.2-b812
[04:00:53] [Server thread/INFO]: [SignBoard] Disabling SignBoard v1.6.5
[04:00:53] [Server thread/INFO]: Disabled SignBoard
[04:00:53] [Server thread/INFO]: [BetterEnd] Disabling BetterEnd v4.4.4
[04:00:53] [Server thread/INFO]: [BetterEnd] Thank you for using BetterEnd!
[04:00:53] [Server thread/INFO]: [BetterTeams] Disabling BetterTeams v3.1.9
[04:00:53] [Server thread/INFO]: [HolographicDisplays] Disabling HolographicDisplays v2.4.5
[04:00:53] [Server thread/INFO]: [ChatColor2] Disabling ChatColor2 v1.10.2
[04:00:53] [Server thread/INFO]: [ChatColor] ChatColor 2 Version 1.10.2 has been disabled.
[04:00:53] [Server thread/INFO]: [WorldGuardFlags] Disabling WorldGuardFlags v0.1.1-dev
[04:00:53] [Server thread/INFO]: [Vault] Disabling Vault v1.7.3-b131
[04:00:53] [Server thread/INFO]: [MoreJoinMessages] Disabling MoreJoinMessages v1.1
[04:00:53] [Server thread/INFO]: [BackupOnEvent] Disabling BackupOnEvent v1.6.4
[04:00:53] [Server thread/INFO]: [BackupOnEvent] Deactivated
[04:00:53] [Server thread/INFO]: [MultiverseHardcore] Disabling MultiverseHardcore v1.0
[04:00:53] [Server thread/INFO]: [CommandPerWorldBlocker] Disabling CommandPerWorldBlocker v1.0
[04:00:53] [Server thread/INFO]: [HubThat] Disabling HubThat v10.1.184
[04:00:53] [Server thread/INFO]: [HubThat] Plugin HubThat Successfully Unloaded!
[04:00:53] [Server thread/INFO]: [ImageMaps] Disabling ImageMaps v1.0.3
[04:00:53] [Server thread/INFO]: [InfoHUD] Disabling InfoHUD v1.2
[04:00:53] [Server thread/INFO]: [InfoHUD] InfoHUD Disabled
[04:00:53] [Server thread/INFO]: [AdvancedPortals] Disabling AdvancedPortals v0.5.10
[04:00:53] [Server thread/INFO]: Advanced portals are being disabled!
[04:00:53] [Server thread/INFO]: [ProtocolLib] Disabling ProtocolLib v4.6.0-SNAPSHOT-b483
[04:00:53] [Server thread/INFO]: [MaintenanceManager] Disabling MaintenanceManager v2.2
[04:00:53] [Server thread/INFO]: [AdminTools] Disabling AdminTools v1.4.1
[04:00:53] [Server thread/INFO]: [UReport] Disabling UReport v5.3
[04:00:53] [Server thread/INFO]: [WhoIsThatGuy] Disabling WhoIsThatGuy v1.4.1
[04:00:53] [Server thread/INFO]: [WITG] Plugin disabled!
[04:00:53] [Server thread/INFO]: [ExpertHub] Disabling ExpertHub v2.1.2
[04:00:53] [Server thread/INFO]: [ExpertHub] Plugin disabled!
[04:00:53] [Server thread/INFO]: [MineverseChat] Disabling MineverseChat v1.0.0
[04:00:53] [Server thread/INFO]: Disabling MineverseChat API
[04:00:53] [Server thread/INFO]: [LuckPerms] Disabling LuckPerms v5.1.93
[04:00:53] [Server thread/INFO]: [LuckPerms] Starting shutdown process...
[04:00:53] [Server thread/INFO]: [LuckPerms] Closing storage...
[04:00:53] [Server thread/INFO]: [LuckPerms] Goodbye!
[04:00:53] [Server thread/INFO]: [ViaBackwards] Disabling ViaBackwards v3.2.0
[04:00:53] [Server thread/INFO]: [kdCounter] Disabling kdCounter v0.0.1
[04:00:53] [Server thread/INFO]: [EasyDeaths] Disabling EasyDeaths v1.1
[04:00:53] [Server thread/INFO]: [Gaea] Disabling Gaea v1.14.4
[04:00:53] [Server thread/INFO]: [ViaVersion] Disabling ViaVersion v3.3.0-20w45a
[04:00:53] [Server thread/INFO]: [ViaVersion] ViaVersion is disabling, if this is a reload and you experience issues consider rebooting.
[04:00:53] [Server thread/INFO]: [StickyLocks] Disabling StickyLocks v1.0.2
[04:00:54] [Server thread/INFO]: [CraftWork] Disabling CraftWork v0.0.1
[04:00:54] [Server thread/INFO]: [CraftWork] CraftWork disabled
[04:00:54] [Server thread/INFO]: [Antiswear] Disabling Antiswear v1.0
[04:00:54] [Server thread/INFO]: [Broadcaster] Disabling Broadcaster v2.3.0
[04:00:54] [Server thread/INFO]: [Broadcaster] Shutdown complete.
[04:00:54] [Server thread/INFO]: [ZNPCS] Disabling ZNPCS v1.7
[04:00:54] [Server thread/INFO]: (Saved 4npcs in 3ms)
[04:00:54] [Server thread/INFO]: [PlugMan] Disabling PlugMan v2.1.7
[04:00:54] [Server thread/INFO]: [PocketKnife] Disabling PocketKnife v2.0.0
[04:00:54] [Server thread/INFO]: [PocketKnife] PocketKnife v2.0.0 disabled.
[04:00:54] [Server thread/INFO]: [PlaceholderAPI] Disabling PlaceholderAPI v2.10.9
[04:00:54] [Server thread/INFO]: [Chunky] Disabling Chunky v1.1.14
[04:00:54] [Server thread/INFO]: [PluginConstructorAPI] Disabling PluginConstructorAPI v1.0.52
[04:00:54] [Server thread/INFO]: [RedstoneProximitySensor] Disabling RedstoneProximitySensor v2.5.2
[04:00:54] [Server thread/INFO]: Saving players
[04:00:54] [Server thread/INFO]: Saving worlds
[04:00:54] [Server thread/INFO]: Saving chunks for level 'ServerLevel[Survival]'/minecraft:overworld
[04:00:54] [Server thread/INFO]: ThreadedAnvilChunkStorage (Survival): All chunks are saved
[04:00:54] [Server thread/INFO]: Saving chunks for level 'ServerLevel[Survival_nether]'/minecraft:the_nether
[04:00:54] [Server thread/INFO]: ThreadedAnvilChunkStorage (DIM-1): All chunks are saved
[04:00:54] [Server thread/INFO]: Saving chunks for level 'ServerLevel[Survival_the_end]'/minecraft:the_end
[04:00:54] [Server thread/INFO]: ThreadedAnvilChunkStorage (DIM1): All chunks are saved
[04:00:54] [Server thread/INFO]: Saving chunks for level 'ServerLevel[hardcore_nether]'/minecraft:hardcore_nether
[04:00:54] [Server thread/INFO]: ThreadedAnvilChunkStorage (DIM-1): All chunks are saved
[04:00:54] [Server thread/INFO]: Saving chunks for level 'ServerLevel[realm2]'/minecraft:realm2
[04:00:54] [Server thread/INFO]: ThreadedAnvilChunkStorage (realm2): All chunks are saved
[04:00:54] [Server thread/INFO]: Saving chunks for level 'ServerLevel[realm1]'/minecraft:realm1
[04:00:54] [Server thread/INFO]: ThreadedAnvilChunkStorage (realm1): All chunks are saved
[04:00:54] [Server thread/INFO]: Saving chunks for level 'ServerLevel[realm2_nether]'/minecraft:realm2_nether
[04:00:54] [Server thread/INFO]: ThreadedAnvilChunkStorage (DIM-1): All chunks are saved
[04:00:54] [Server thread/INFO]: Saving chunks for level 'ServerLevel[realm1_nether]'/minecraft:realm1_nether
[04:00:54] [Server thread/INFO]: ThreadedAnvilChunkStorage (DIM-1): All chunks are saved
[04:00:54] [Server thread/INFO]: Saving chunks for level 'ServerLevel[hardcore]'/minecraft:hardcore
[04:00:55] [Server thread/INFO]: ThreadedAnvilChunkStorage (hardcore): All chunks are saved
[04:00:55] [Server thread/INFO]: Saving chunks for level 'ServerLevel[realm1_the_end]'/minecraft:realm1_the_end
[04:00:55] [Server thread/INFO]: ThreadedAnvilChunkStorage (DIM1): All chunks are saved
[04:00:55] [Server thread/INFO]: Saving chunks for level 'ServerLevel[testing]'/minecraft:testing
[04:00:55] [Server thread/INFO]: ThreadedAnvilChunkStorage (testing): All chunks are saved
[04:00:55] [Server thread/INFO]: Saving chunks for level 'ServerLevel[realm2_the_end]'/minecraft:realm2_the_end
[04:00:55] [Server thread/INFO]: ThreadedAnvilChunkStorage (DIM1): All chunks are saved
[04:00:55] [Server thread/INFO]: Saving chunks for level 'ServerLevel[hub]'/minecraft:hub
[04:00:55] [Server thread/INFO]: ThreadedAnvilChunkStorage (hub): All chunks are saved
[04:00:55] [Server thread/INFO]: ThreadedAnvilChunkStorage (Survival): All chunks are saved
[04:00:55] [Server thread/INFO]: ThreadedAnvilChunkStorage (DIM-1): All chunks are saved
[04:00:55] [Server thread/INFO]: ThreadedAnvilChunkStorage (DIM1): All chunks are saved
[04:00:55] [Server thread/INFO]: ThreadedAnvilChunkStorage (DIM-1): All chunks are saved
[04:00:55] [Server thread/INFO]: ThreadedAnvilChunkStorage (realm2): All chunks are saved
[04:00:55] [Server thread/INFO]: ThreadedAnvilChunkStorage (realm1): All chunks are saved
[04:00:55] [Server thread/INFO]: ThreadedAnvilChunkStorage (DIM-1): All chunks are saved
[04:00:55] [Server thread/INFO]: ThreadedAnvilChunkStorage (DIM-1): All chunks are saved
[04:00:55] [Server thread/INFO]: ThreadedAnvilChunkStorage (hardcore): All chunks are saved
[04:00:55] [Server thread/INFO]: ThreadedAnvilChunkStorage (DIM1): All chunks are saved
[04:00:55] [Server thread/INFO]: ThreadedAnvilChunkStorage (testing): All chunks are saved
[04:00:55] [Server thread/INFO]: ThreadedAnvilChunkStorage (DIM1): All chunks are saved
[04:00:55] [Server thread/INFO]: ThreadedAnvilChunkStorage (hub): All chunks are saved
[04:00:55] [Server thread/INFO]: Flushing Chunk IO
[04:00:55] [Server thread/INFO]: Closing Thread Pool
[04:00:55] [Server thread/INFO]: Closing Server
